\BOOKMARK [0][-]{chapter.1}{L'algorithme}{}% 1
\BOOKMARK [1][-]{section.1.1}{Explication de l'algorithme du Minimax }{chapter.1}% 2
\BOOKMARK [1][-]{section.1.2}{Explication de la m\351thode alpha-b\351ta et de l'\351lagage}{chapter.1}% 3
\BOOKMARK [0][-]{chapter.2}{Le jeu de Dame}{}% 4
\BOOKMARK [1][-]{section.2.1}{Impl\351mentation du jeu de Dames}{chapter.2}% 5
\BOOKMARK [2][-]{subsection.2.1.1}{Case}{section.2.1}% 6
\BOOKMARK [2][-]{subsection.2.1.2}{Coordonn\351es}{section.2.1}% 7
\BOOKMARK [2][-]{subsection.2.1.3}{Couleur}{section.2.1}% 8
\BOOKMARK [2][-]{subsection.2.1.4}{Damier}{section.2.1}% 9
\BOOKMARK [2][-]{subsection.2.1.5}{Joueur}{section.2.1}% 10
\BOOKMARK [2][-]{subsection.2.1.6}{Lanceur}{section.2.1}% 11
\BOOKMARK [2][-]{subsection.2.1.7}{Menu}{section.2.1}% 12
\BOOKMARK [2][-]{subsection.2.1.8}{Piece}{section.2.1}% 13
\BOOKMARK [2][-]{subsection.2.1.9}{Souris}{section.2.1}% 14
\BOOKMARK [2][-]{subsection.2.1.10}{TableauPiece}{section.2.1}% 15
\BOOKMARK [1][-]{section.2.2}{Impl\351mentation de la partie Algorithme Min Max et ses am\351liorations}{chapter.2}% 16
\BOOKMARK [2][-]{subsection.2.2.1}{Arbre}{section.2.2}% 17
\BOOKMARK [2][-]{subsection.2.2.2}{NoeudDame}{section.2.2}% 18
\BOOKMARK [2][-]{subsection.2.2.3}{Coup}{section.2.2}% 19
\BOOKMARK [2][-]{subsection.2.2.4}{Resultat\137minMax}{section.2.2}% 20
\BOOKMARK [1][-]{section.2.3}{Application de la m\351thode \340 des exemples}{chapter.2}% 21
\BOOKMARK [0][-]{chapter.3}{UML}{}% 22
\BOOKMARK [1][-]{section.3.1}{diagramme de cas d'utilisation}{chapter.3}% 23
\BOOKMARK [1][-]{section.3.2}{diagramme de s\351quences}{chapter.3}% 24
\BOOKMARK [1][-]{section.3.3}{diagramme de classes}{chapter.3}% 25
